<?xml version="1.0" encoding="UTF-8"?>
<!-- Generated by org.testng.reporters.JUnitXMLReporter -->
<testsuite hostname="NDI-LAP-563" name="Default test" tests="4" failures="0" timestamp="20 Apr 2020 08:59:09 GMT" time="197.773" errors="0">
  <testcase name="verifyLoginFunctionality" time="93.248" classname="TestCases.WDayTests"/>
  <testcase name="verifyUser" time="0.061" classname="TestCases.WDayTests"/>
  <testcase name="clickTabs" time="61.358" classname="TestCases.WDayTests"/>
  <testcase name="enterComment" time="24.213" classname="TestCases.WDayTests"/>
</testsuite> <!-- Default test -->
