<?xml version="1.0" encoding="UTF-8"?>
<testng-results skipped="0" failed="0" total="4" passed="4">
  <reporter-output>
    <line>
      <![CDATA[in the before suite]]>
    </line>
    <line>
      <![CDATA[settings done]]>
    </line>
    <line>
      <![CDATA[CONFIG LOAD PROPERTIIES]]>
    </line>
    <line>
      <![CDATA[Report generated with screenshot]]>
    </line>
    <line>
      <![CDATA[Report generated with screenshot]]>
    </line>
    <line>
      <![CDATA[Report generated with screenshot]]>
    </line>
    <line>
      <![CDATA[Report generated with screenshot]]>
    </line>
  </reporter-output>
  <suite name="Default suite" duration-ms="197773" started-at="2020-04-20T08:55:51Z" finished-at="2020-04-20T08:59:09Z">
    <groups>
    </groups>
    <test name="Default test" duration-ms="197773" started-at="2020-04-20T08:55:51Z" finished-at="2020-04-20T08:59:09Z">
      <class name="TestCases.WDayTests">
        <test-method status="PASS" signature="beforesuite()[pri:0, instance:TestCases.WDayTests@42d80b78]" name="beforesuite" is-config="true" duration-ms="153" started-at="2020-04-20T14:25:51Z" finished-at="2020-04-20T14:25:51Z">
          <reporter-output>
            <line>
              <![CDATA[in the before suite]]>
            </line>
            <line>
              <![CDATA[settings done]]>
            </line>
          </reporter-output>
        </test-method> <!-- beforesuite -->
        <test-method status="PASS" signature="beforeTest()[pri:0, instance:TestCases.WDayTests@42d80b78]" name="beforeTest" is-config="true" duration-ms="15928" started-at="2020-04-20T14:25:51Z" finished-at="2020-04-20T14:26:07Z">
          <reporter-output>
            <line>
              <![CDATA[CONFIG LOAD PROPERTIIES]]>
            </line>
          </reporter-output>
        </test-method> <!-- beforeTest -->
        <test-method status="PASS" signature="beforMethod(java.lang.reflect.Method)[pri:0, instance:TestCases.WDayTests@42d80b78]" name="beforMethod" is-config="true" duration-ms="1" started-at="2020-04-20T14:26:07Z" finished-at="2020-04-20T14:26:07Z">
          <params>
            <param index="0">
              <value>
                <![CDATA[public void TestCases.WDayTests.verifyLoginFunctionality() throws java.lang.InterruptedException]]>
              </value>
            </param>
          </params>
          <reporter-output>
          </reporter-output>
        </test-method> <!-- beforMethod -->
        <test-method status="PASS" signature="verifyLoginFunctionality()[pri:1, instance:TestCases.WDayTests@42d80b78]" name="verifyLoginFunctionality" duration-ms="93248" started-at="2020-04-20T14:26:07Z" finished-at="2020-04-20T14:27:40Z">
          <reporter-output>
          </reporter-output>
        </test-method> <!-- verifyLoginFunctionality -->
        <test-method status="PASS" signature="aftermethod(org.testng.ITestResult)[pri:0, instance:TestCases.WDayTests@42d80b78]" name="aftermethod" is-config="true" duration-ms="684" started-at="2020-04-20T14:27:40Z" finished-at="2020-04-20T14:27:41Z">
          <params>
            <param index="0">
              <value>
                <![CDATA[[TestResult name=verifyLoginFunctionality status=SUCCESS method=WDayTests.verifyLoginFunctionality()[pri:1, instance:TestCases.WDayTests@42d80b78] output={null}]]]>
              </value>
            </param>
          </params>
          <reporter-output>
            <line>
              <![CDATA[Report generated with screenshot]]>
            </line>
          </reporter-output>
        </test-method> <!-- aftermethod -->
        <test-method status="PASS" signature="verifyUser()[pri:2, instance:TestCases.WDayTests@42d80b78]" name="verifyUser" duration-ms="61" started-at="2020-04-20T14:27:41Z" finished-at="2020-04-20T14:27:41Z">
          <reporter-output>
          </reporter-output>
        </test-method> <!-- verifyUser -->
        <test-method status="PASS" signature="beforMethod(java.lang.reflect.Method)[pri:0, instance:TestCases.WDayTests@42d80b78]" name="beforMethod" is-config="true" duration-ms="0" started-at="2020-04-20T14:27:41Z" finished-at="2020-04-20T14:27:41Z">
          <params>
            <param index="0">
              <value>
                <![CDATA[public void TestCases.WDayTests.verifyUser() throws java.lang.InterruptedException]]>
              </value>
            </param>
          </params>
          <reporter-output>
          </reporter-output>
        </test-method> <!-- beforMethod -->
        <test-method status="PASS" signature="aftermethod(org.testng.ITestResult)[pri:0, instance:TestCases.WDayTests@42d80b78]" name="aftermethod" is-config="true" duration-ms="411" started-at="2020-04-20T14:27:41Z" finished-at="2020-04-20T14:27:42Z">
          <params>
            <param index="0">
              <value>
                <![CDATA[[TestResult name=verifyUser status=SUCCESS method=WDayTests.verifyUser()[pri:2, instance:TestCases.WDayTests@42d80b78] output={null}]]]>
              </value>
            </param>
          </params>
          <reporter-output>
            <line>
              <![CDATA[Report generated with screenshot]]>
            </line>
          </reporter-output>
        </test-method> <!-- aftermethod -->
        <test-method status="PASS" signature="clickTabs()[pri:3, instance:TestCases.WDayTests@42d80b78]" name="clickTabs" duration-ms="61358" started-at="2020-04-20T14:27:42Z" finished-at="2020-04-20T14:28:43Z">
          <reporter-output>
          </reporter-output>
        </test-method> <!-- clickTabs -->
        <test-method status="PASS" signature="beforMethod(java.lang.reflect.Method)[pri:0, instance:TestCases.WDayTests@42d80b78]" name="beforMethod" is-config="true" duration-ms="0" started-at="2020-04-20T14:27:42Z" finished-at="2020-04-20T14:27:42Z">
          <params>
            <param index="0">
              <value>
                <![CDATA[public void TestCases.WDayTests.clickTabs() throws java.lang.InterruptedException]]>
              </value>
            </param>
          </params>
          <reporter-output>
          </reporter-output>
        </test-method> <!-- beforMethod -->
        <test-method status="PASS" signature="aftermethod(org.testng.ITestResult)[pri:0, instance:TestCases.WDayTests@42d80b78]" name="aftermethod" is-config="true" duration-ms="412" started-at="2020-04-20T14:28:43Z" finished-at="2020-04-20T14:28:43Z">
          <params>
            <param index="0">
              <value>
                <![CDATA[[TestResult name=clickTabs status=SUCCESS method=WDayTests.clickTabs()[pri:3, instance:TestCases.WDayTests@42d80b78] output={null}]]]>
              </value>
            </param>
          </params>
          <reporter-output>
            <line>
              <![CDATA[Report generated with screenshot]]>
            </line>
          </reporter-output>
        </test-method> <!-- aftermethod -->
        <test-method status="PASS" signature="enterComment()[pri:4, instance:TestCases.WDayTests@42d80b78]" name="enterComment" duration-ms="24213" started-at="2020-04-20T14:28:43Z" finished-at="2020-04-20T14:29:08Z">
          <reporter-output>
          </reporter-output>
        </test-method> <!-- enterComment -->
        <test-method status="PASS" signature="beforMethod(java.lang.reflect.Method)[pri:0, instance:TestCases.WDayTests@42d80b78]" name="beforMethod" is-config="true" duration-ms="0" started-at="2020-04-20T14:28:43Z" finished-at="2020-04-20T14:28:43Z">
          <params>
            <param index="0">
              <value>
                <![CDATA[public void TestCases.WDayTests.enterComment() throws java.lang.InterruptedException]]>
              </value>
            </param>
          </params>
          <reporter-output>
          </reporter-output>
        </test-method> <!-- beforMethod -->
        <test-method status="PASS" signature="aftermethod(org.testng.ITestResult)[pri:0, instance:TestCases.WDayTests@42d80b78]" name="aftermethod" is-config="true" duration-ms="672" started-at="2020-04-20T14:29:08Z" finished-at="2020-04-20T14:29:08Z">
          <params>
            <param index="0">
              <value>
                <![CDATA[[TestResult name=enterComment status=SUCCESS method=WDayTests.enterComment()[pri:4, instance:TestCases.WDayTests@42d80b78] output={null}]]]>
              </value>
            </param>
          </params>
          <reporter-output>
            <line>
              <![CDATA[Report generated with screenshot]]>
            </line>
          </reporter-output>
        </test-method> <!-- aftermethod -->
        <test-method status="PASS" signature="afterTest()[pri:0, instance:TestCases.WDayTests@42d80b78]" name="afterTest" is-config="true" duration-ms="757" started-at="2020-04-20T14:29:08Z" finished-at="2020-04-20T14:29:09Z">
          <reporter-output>
          </reporter-output>
        </test-method> <!-- afterTest -->
      </class> <!-- TestCases.WDayTests -->
    </test> <!-- Default test -->
  </suite> <!-- Default suite -->
</testng-results>
